[    1526ms] [INFO] %cDownload the React DevTools for a better development experience: https://react.dev/link/react-devtools font-weight:bold @ webpack-internal:///(app-pages-browser)/./node_modules/.pnpm/next@15.3.2_react-dom@19.2.4_react@19.2.4__react@19.2.4/node_modules/next/dist/compiled/react-dom/cjs/react-dom-client.development.js:25022
[    5189ms] [LOG] [Fast Refresh] rebuilding @ webpack-internal:///(app-pages-browser)/./node_modules/.pnpm/next@15.3.2_react-dom@19.2.4_react@19.2.4__react@19.2.4/node_modules/next/dist/client/components/react-dev-overlay/app/hot-reloader-client.js:196
[    5250ms] [LOG] [Fast Refresh] done in 61ms @ webpack-internal:///(app-pages-browser)/./node_modules/.pnpm/next@15.3.2_react-dom@19.2.4_react@19.2.4__react@19.2.4/node_modules/next/dist/client/components/react-dev-overlay/utils/report-hmr-latency.js:13
[   15019ms] [LOG] [Fast Refresh] done in 9831ms @ webpack-internal:///(app-pages-browser)/./node_modules/.pnpm/next@15.3.2_react-dom@19.2.4_react@19.2.4__react@19.2.4/node_modules/next/dist/client/components/react-dev-overlay/utils/report-hmr-latency.js:13
[   15058ms] [LOG] [Fast Refresh] rebuilding @ webpack-internal:///(app-pages-browser)/./node_modules/.pnpm/next@15.3.2_react-dom@19.2.4_react@19.2.4__react@19.2.4/node_modules/next/dist/client/components/react-dev-overlay/app/hot-reloader-client.js:196
[   16530ms] [LOG] [Fast Refresh] rebuilding @ webpack-internal:///(app-pages-browser)/./node_modules/.pnpm/next@15.3.2_react-dom@19.2.4_react@19.2.4__react@19.2.4/node_modules/next/dist/client/components/react-dev-overlay/app/hot-reloader-client.js:196
[   17185ms] [LOG] [Fast Refresh] done in 656ms @ webpack-internal:///(app-pages-browser)/./node_modules/.pnpm/next@15.3.2_react-dom@19.2.4_react@19.2.4__react@19.2.4/node_modules/next/dist/client/components/react-dev-overlay/utils/report-hmr-latency.js:13
[   17951ms] [LOG] [Fast Refresh] rebuilding @ webpack-internal:///(app-pages-browser)/./node_modules/.pnpm/next@15.3.2_react-dom@19.2.4_react@19.2.4__react@19.2.4/node_modules/next/dist/client/components/react-dev-overlay/app/hot-reloader-client.js:196
[   18061ms] [LOG] [Fast Refresh] done in 111ms @ webpack-internal:///(app-pages-browser)/./node_modules/.pnpm/next@15.3.2_react-dom@19.2.4_react@19.2.4__react@19.2.4/node_modules/next/dist/client/components/react-dev-overlay/utils/report-hmr-latency.js:13
[   19161ms] [LOG] [Fast Refresh] rebuilding @ webpack-internal:///(app-pages-browser)/./node_modules/.pnpm/next@15.3.2_react-dom@19.2.4_react@19.2.4__react@19.2.4/node_modules/next/dist/client/components/react-dev-overlay/app/hot-reloader-client.js:196
[   19578ms] [LOG] [Fast Refresh] done in 418ms @ webpack-internal:///(app-pages-browser)/./node_modules/.pnpm/next@15.3.2_react-dom@19.2.4_react@19.2.4__react@19.2.4/node_modules/next/dist/client/components/react-dev-overlay/utils/report-hmr-latency.js:13
[   19961ms] [LOG] [Fast Refresh] rebuilding @ webpack-internal:///(app-pages-browser)/./node_modules/.pnpm/next@15.3.2_react-dom@19.2.4_react@19.2.4__react@19.2.4/node_modules/next/dist/client/components/react-dev-overlay/app/hot-reloader-client.js:196
[   20177ms] [LOG] [Fast Refresh] done in 215ms @ webpack-internal:///(app-pages-browser)/./node_modules/.pnpm/next@15.3.2_react-dom@19.2.4_react@19.2.4__react@19.2.4/node_modules/next/dist/client/components/react-dev-overlay/utils/report-hmr-latency.js:13
[   20665ms] [LOG] [Fast Refresh] rebuilding @ webpack-internal:///(app-pages-browser)/./node_modules/.pnpm/next@15.3.2_react-dom@19.2.4_react@19.2.4__react@19.2.4/node_modules/next/dist/client/components/react-dev-overlay/app/hot-reloader-client.js:196
[   20737ms] [LOG] [Fast Refresh] done in 72ms @ webpack-internal:///(app-pages-browser)/./node_modules/.pnpm/next@15.3.2_react-dom@19.2.4_react@19.2.4__react@19.2.4/node_modules/next/dist/client/components/react-dev-overlay/utils/report-hmr-latency.js:13
[   21002ms] [LOG] [Fast Refresh] rebuilding @ webpack-internal:///(app-pages-browser)/./node_modules/.pnpm/next@15.3.2_react-dom@19.2.4_react@19.2.4__react@19.2.4/node_modules/next/dist/client/components/react-dev-overlay/app/hot-reloader-client.js:196
[   21137ms] [LOG] [Fast Refresh] done in 135ms @ webpack-internal:///(app-pages-browser)/./node_modules/.pnpm/next@15.3.2_react-dom@19.2.4_react@19.2.4__react@19.2.4/node_modules/next/dist/client/components/react-dev-overlay/utils/report-hmr-latency.js:13
[   21518ms] [LOG] [Fast Refresh] rebuilding @ webpack-internal:///(app-pages-browser)/./node_modules/.pnpm/next@15.3.2_react-dom@19.2.4_react@19.2.4__react@19.2.4/node_modules/next/dist/client/components/react-dev-overlay/app/hot-reloader-client.js:196
[   21582ms] [LOG] [Fast Refresh] done in 65ms @ webpack-internal:///(app-pages-browser)/./node_modules/.pnpm/next@15.3.2_react-dom@19.2.4_react@19.2.4__react@19.2.4/node_modules/next/dist/client/components/react-dev-overlay/utils/report-hmr-latency.js:13
[   21942ms] [LOG] [Fast Refresh] rebuilding @ webpack-internal:///(app-pages-browser)/./node_modules/.pnpm/next@15.3.2_react-dom@19.2.4_react@19.2.4__react@19.2.4/node_modules/next/dist/client/components/react-dev-overlay/app/hot-reloader-client.js:196
[   22023ms] [LOG] [Fast Refresh] done in 81ms @ webpack-internal:///(app-pages-browser)/./node_modules/.pnpm/next@15.3.2_react-dom@19.2.4_react@19.2.4__react@19.2.4/node_modules/next/dist/client/components/react-dev-overlay/utils/report-hmr-latency.js:13
[   22361ms] [LOG] [Fast Refresh] rebuilding @ webpack-internal:///(app-pages-browser)/./node_modules/.pnpm/next@15.3.2_react-dom@19.2.4_react@19.2.4__react@19.2.4/node_modules/next/dist/client/components/react-dev-overlay/app/hot-reloader-client.js:196
[   22411ms] [LOG] [Fast Refresh] done in 51ms @ webpack-internal:///(app-pages-browser)/./node_modules/.pnpm/next@15.3.2_react-dom@19.2.4_react@19.2.4__react@19.2.4/node_modules/next/dist/client/components/react-dev-overlay/utils/report-hmr-latency.js:13
[   22741ms] [LOG] [Fast Refresh] rebuilding @ webpack-internal:///(app-pages-browser)/./node_modules/.pnpm/next@15.3.2_react-dom@19.2.4_react@19.2.4__react@19.2.4/node_modules/next/dist/client/components/react-dev-overlay/app/hot-reloader-client.js:196
[   22814ms] [LOG] [Fast Refresh] done in 72ms @ webpack-internal:///(app-pages-browser)/./node_modules/.pnpm/next@15.3.2_react-dom@19.2.4_react@19.2.4__react@19.2.4/node_modules/next/dist/client/components/react-dev-overlay/utils/report-hmr-latency.js:13
[   23185ms] [LOG] [Fast Refresh] rebuilding @ webpack-internal:///(app-pages-browser)/./node_modules/.pnpm/next@15.3.2_react-dom@19.2.4_react@19.2.4__react@19.2.4/node_modules/next/dist/client/components/react-dev-overlay/app/hot-reloader-client.js:196
[   23278ms] [LOG] [Fast Refresh] done in 93ms @ webpack-internal:///(app-pages-browser)/./node_modules/.pnpm/next@15.3.2_react-dom@19.2.4_react@19.2.4__react@19.2.4/node_modules/next/dist/client/components/react-dev-overlay/utils/report-hmr-latency.js:13
[   23759ms] [LOG] [Fast Refresh] rebuilding @ webpack-internal:///(app-pages-browser)/./node_modules/.pnpm/next@15.3.2_react-dom@19.2.4_react@19.2.4__react@19.2.4/node_modules/next/dist/client/components/react-dev-overlay/app/hot-reloader-client.js:196
[   23879ms] [LOG] [Fast Refresh] done in 120ms @ webpack-internal:///(app-pages-browser)/./node_modules/.pnpm/next@15.3.2_react-dom@19.2.4_react@19.2.4__react@19.2.4/node_modules/next/dist/client/components/react-dev-overlay/utils/report-hmr-latency.js:13
[   24428ms] [LOG] [Fast Refresh] rebuilding @ webpack-internal:///(app-pages-browser)/./node_modules/.pnpm/next@15.3.2_react-dom@19.2.4_react@19.2.4__react@19.2.4/node_modules/next/dist/client/components/react-dev-overlay/app/hot-reloader-client.js:196
[   24561ms] [LOG] [Fast Refresh] done in 133ms @ webpack-internal:///(app-pages-browser)/./node_modules/.pnpm/next@15.3.2_react-dom@19.2.4_react@19.2.4__react@19.2.4/node_modules/next/dist/client/components/react-dev-overlay/utils/report-hmr-latency.js:13
[   24877ms] [LOG] [Fast Refresh] rebuilding @ webpack-internal:///(app-pages-browser)/./node_modules/.pnpm/next@15.3.2_react-dom@19.2.4_react@19.2.4__react@19.2.4/node_modules/next/dist/client/components/react-dev-overlay/app/hot-reloader-client.js:196
[   24968ms] [LOG] [Fast Refresh] done in 91ms @ webpack-internal:///(app-pages-browser)/./node_modules/.pnpm/next@15.3.2_react-dom@19.2.4_react@19.2.4__react@19.2.4/node_modules/next/dist/client/components/react-dev-overlay/utils/report-hmr-latency.js:13
[   25377ms] [LOG] [Fast Refresh] rebuilding @ webpack-internal:///(app-pages-browser)/./node_modules/.pnpm/next@15.3.2_react-dom@19.2.4_react@19.2.4__react@19.2.4/node_modules/next/dist/client/components/react-dev-overlay/app/hot-reloader-client.js:196
[   25485ms] [LOG] [Fast Refresh] done in 109ms @ webpack-internal:///(app-pages-browser)/./node_modules/.pnpm/next@15.3.2_react-dom@19.2.4_react@19.2.4__react@19.2.4/node_modules/next/dist/client/components/react-dev-overlay/utils/report-hmr-latency.js:13
[   25918ms] [LOG] [Fast Refresh] rebuilding @ webpack-internal:///(app-pages-browser)/./node_modules/.pnpm/next@15.3.2_react-dom@19.2.4_react@19.2.4__react@19.2.4/node_modules/next/dist/client/components/react-dev-overlay/app/hot-reloader-client.js:196
[   25973ms] [LOG] [Fast Refresh] done in 55ms @ webpack-internal:///(app-pages-browser)/./node_modules/.pnpm/next@15.3.2_react-dom@19.2.4_react@19.2.4__react@19.2.4/node_modules/next/dist/client/components/react-dev-overlay/utils/report-hmr-latency.js:13
[   26278ms] [LOG] [Fast Refresh] rebuilding @ webpack-internal:///(app-pages-browser)/./node_modules/.pnpm/next@15.3.2_react-dom@19.2.4_react@19.2.4__react@19.2.4/node_modules/next/dist/client/components/react-dev-overlay/app/hot-reloader-client.js:196
[   26371ms] [LOG] [Fast Refresh] done in 94ms @ webpack-internal:///(app-pages-browser)/./node_modules/.pnpm/next@15.3.2_react-dom@19.2.4_react@19.2.4__react@19.2.4/node_modules/next/dist/client/components/react-dev-overlay/utils/report-hmr-latency.js:13
[   26660ms] [LOG] [Fast Refresh] rebuilding @ webpack-internal:///(app-pages-browser)/./node_modules/.pnpm/next@15.3.2_react-dom@19.2.4_react@19.2.4__react@19.2.4/node_modules/next/dist/client/components/react-dev-overlay/app/hot-reloader-client.js:196
[   26748ms] [LOG] [Fast Refresh] done in 86ms @ webpack-internal:///(app-pages-browser)/./node_modules/.pnpm/next@15.3.2_react-dom@19.2.4_react@19.2.4__react@19.2.4/node_modules/next/dist/client/components/react-dev-overlay/utils/report-hmr-latency.js:13
[   26969ms] [LOG] [Fast Refresh] rebuilding @ webpack-internal:///(app-pages-browser)/./node_modules/.pnpm/next@15.3.2_react-dom@19.2.4_react@19.2.4__react@19.2.4/node_modules/next/dist/client/components/react-dev-overlay/app/hot-reloader-client.js:196
[   27127ms] [LOG] [Fast Refresh] done in 158ms @ webpack-internal:///(app-pages-browser)/./node_modules/.pnpm/next@15.3.2_react-dom@19.2.4_react@19.2.4__react@19.2.4/node_modules/next/dist/client/components/react-dev-overlay/utils/report-hmr-latency.js:13
[   27424ms] [LOG] [Fast Refresh] rebuilding @ webpack-internal:///(app-pages-browser)/./node_modules/.pnpm/next@15.3.2_react-dom@19.2.4_react@19.2.4__react@19.2.4/node_modules/next/dist/client/components/react-dev-overlay/app/hot-reloader-client.js:196
[   27509ms] [LOG] [Fast Refresh] done in 86ms @ webpack-internal:///(app-pages-browser)/./node_modules/.pnpm/next@15.3.2_react-dom@19.2.4_react@19.2.4__react@19.2.4/node_modules/next/dist/client/components/react-dev-overlay/utils/report-hmr-latency.js:13
[   27758ms] [LOG] [Fast Refresh] rebuilding @ webpack-internal:///(app-pages-browser)/./node_modules/.pnpm/next@15.3.2_react-dom@19.2.4_react@19.2.4__react@19.2.4/node_modules/next/dist/client/components/react-dev-overlay/app/hot-reloader-client.js:196
[   27869ms] [LOG] [Fast Refresh] done in 111ms @ webpack-internal:///(app-pages-browser)/./node_modules/.pnpm/next@15.3.2_react-dom@19.2.4_react@19.2.4__react@19.2.4/node_modules/next/dist/client/components/react-dev-overlay/utils/report-hmr-latency.js:13
[   28165ms] [LOG] [Fast Refresh] rebuilding @ webpack-internal:///(app-pages-browser)/./node_modules/.pnpm/next@15.3.2_react-dom@19.2.4_react@19.2.4__react@19.2.4/node_modules/next/dist/client/components/react-dev-overlay/app/hot-reloader-client.js:196
[   28309ms] [LOG] [Fast Refresh] done in 143ms @ webpack-internal:///(app-pages-browser)/./node_modules/.pnpm/next@15.3.2_react-dom@19.2.4_react@19.2.4__react@19.2.4/node_modules/next/dist/client/components/react-dev-overlay/utils/report-hmr-latency.js:13
[   28721ms] [LOG] [Fast Refresh] rebuilding @ webpack-internal:///(app-pages-browser)/./node_modules/.pnpm/next@15.3.2_react-dom@19.2.4_react@19.2.4__react@19.2.4/node_modules/next/dist/client/components/react-dev-overlay/app/hot-reloader-client.js:196
[   28838ms] [LOG] [Fast Refresh] done in 117ms @ webpack-internal:///(app-pages-browser)/./node_modules/.pnpm/next@15.3.2_react-dom@19.2.4_react@19.2.4__react@19.2.4/node_modules/next/dist/client/components/react-dev-overlay/utils/report-hmr-latency.js:13
[   29065ms] [LOG] [Fast Refresh] rebuilding @ webpack-internal:///(app-pages-browser)/./node_modules/.pnpm/next@15.3.2_react-dom@19.2.4_react@19.2.4__react@19.2.4/node_modules/next/dist/client/components/react-dev-overlay/app/hot-reloader-client.js:196
[   29119ms] [LOG] [Fast Refresh] done in 53ms @ webpack-internal:///(app-pages-browser)/./node_modules/.pnpm/next@15.3.2_react-dom@19.2.4_react@19.2.4__react@19.2.4/node_modules/next/dist/client/components/react-dev-overlay/utils/report-hmr-latency.js:13
[   29486ms] [LOG] [Fast Refresh] rebuilding @ webpack-internal:///(app-pages-browser)/./node_modules/.pnpm/next@15.3.2_react-dom@19.2.4_react@19.2.4__react@19.2.4/node_modules/next/dist/client/components/react-dev-overlay/app/hot-reloader-client.js:196
[   29636ms] [LOG] [Fast Refresh] done in 150ms @ webpack-internal:///(app-pages-browser)/./node_modules/.pnpm/next@15.3.2_react-dom@19.2.4_react@19.2.4__react@19.2.4/node_modules/next/dist/client/components/react-dev-overlay/utils/report-hmr-latency.js:13
[   29925ms] [LOG] [Fast Refresh] rebuilding @ webpack-internal:///(app-pages-browser)/./node_modules/.pnpm/next@15.3.2_react-dom@19.2.4_react@19.2.4__react@19.2.4/node_modules/next/dist/client/components/react-dev-overlay/app/hot-reloader-client.js:196
[   30024ms] [LOG] [Fast Refresh] done in 99ms @ webpack-internal:///(app-pages-browser)/./node_modules/.pnpm/next@15.3.2_react-dom@19.2.4_react@19.2.4__react@19.2.4/node_modules/next/dist/client/components/react-dev-overlay/utils/report-hmr-latency.js:13
[   30493ms] [LOG] [Fast Refresh] rebuilding @ webpack-internal:///(app-pages-browser)/./node_modules/.pnpm/next@15.3.2_react-dom@19.2.4_react@19.2.4__react@19.2.4/node_modules/next/dist/client/components/react-dev-overlay/app/hot-reloader-client.js:196
[   30584ms] [LOG] [Fast Refresh] done in 90ms @ webpack-internal:///(app-pages-browser)/./node_modules/.pnpm/next@15.3.2_react-dom@19.2.4_react@19.2.4__react@19.2.4/node_modules/next/dist/client/components/react-dev-overlay/utils/report-hmr-latency.js:13
[   30856ms] [LOG] [Fast Refresh] rebuilding @ webpack-internal:///(app-pages-browser)/./node_modules/.pnpm/next@15.3.2_react-dom@19.2.4_react@19.2.4__react@19.2.4/node_modules/next/dist/client/components/react-dev-overlay/app/hot-reloader-client.js:196
[   30938ms] [LOG] [Fast Refresh] done in 82ms @ webpack-internal:///(app-pages-browser)/./node_modules/.pnpm/next@15.3.2_react-dom@19.2.4_react@19.2.4__react@19.2.4/node_modules/next/dist/client/components/react-dev-overlay/utils/report-hmr-latency.js:13
[   31398ms] [LOG] [Fast Refresh] rebuilding @ webpack-internal:///(app-pages-browser)/./node_modules/.pnpm/next@15.3.2_react-dom@19.2.4_react@19.2.4__react@19.2.4/node_modules/next/dist/client/components/react-dev-overlay/app/hot-reloader-client.js:196
[   31492ms] [LOG] [Fast Refresh] done in 94ms @ webpack-internal:///(app-pages-browser)/./node_modules/.pnpm/next@15.3.2_react-dom@19.2.4_react@19.2.4__react@19.2.4/node_modules/next/dist/client/components/react-dev-overlay/utils/report-hmr-latency.js:13
[   32060ms] [LOG] [Fast Refresh] rebuilding @ webpack-internal:///(app-pages-browser)/./node_modules/.pnpm/next@15.3.2_react-dom@19.2.4_react@19.2.4__react@19.2.4/node_modules/next/dist/client/components/react-dev-overlay/app/hot-reloader-client.js:196
[   32166ms] [LOG] [Fast Refresh] done in 106ms @ webpack-internal:///(app-pages-browser)/./node_modules/.pnpm/next@15.3.2_react-dom@19.2.4_react@19.2.4__react@19.2.4/node_modules/next/dist/client/components/react-dev-overlay/utils/report-hmr-latency.js:13
[   32475ms] [LOG] [Fast Refresh] rebuilding @ webpack-internal:///(app-pages-browser)/./node_modules/.pnpm/next@15.3.2_react-dom@19.2.4_react@19.2.4__react@19.2.4/node_modules/next/dist/client/components/react-dev-overlay/app/hot-reloader-client.js:196
[   32531ms] [LOG] [Fast Refresh] done in 56ms @ webpack-internal:///(app-pages-browser)/./node_modules/.pnpm/next@15.3.2_react-dom@19.2.4_react@19.2.4__react@19.2.4/node_modules/next/dist/client/components/react-dev-overlay/utils/report-hmr-latency.js:13
[   32858ms] [LOG] [Fast Refresh] rebuilding @ webpack-internal:///(app-pages-browser)/./node_modules/.pnpm/next@15.3.2_react-dom@19.2.4_react@19.2.4__react@19.2.4/node_modules/next/dist/client/components/react-dev-overlay/app/hot-reloader-client.js:196
[   32943ms] [LOG] [Fast Refresh] done in 86ms @ webpack-internal:///(app-pages-browser)/./node_modules/.pnpm/next@15.3.2_react-dom@19.2.4_react@19.2.4__react@19.2.4/node_modules/next/dist/client/components/react-dev-overlay/utils/report-hmr-latency.js:13
[   33327ms] [LOG] [Fast Refresh] rebuilding @ webpack-internal:///(app-pages-browser)/./node_modules/.pnpm/next@15.3.2_react-dom@19.2.4_react@19.2.4__react@19.2.4/node_modules/next/dist/client/components/react-dev-overlay/app/hot-reloader-client.js:196
[   33411ms] [LOG] [Fast Refresh] done in 84ms @ webpack-internal:///(app-pages-browser)/./node_modules/.pnpm/next@15.3.2_react-dom@19.2.4_react@19.2.4__react@19.2.4/node_modules/next/dist/client/components/react-dev-overlay/utils/report-hmr-latency.js:13
[   33854ms] [LOG] [Fast Refresh] rebuilding @ webpack-internal:///(app-pages-browser)/./node_modules/.pnpm/next@15.3.2_react-dom@19.2.4_react@19.2.4__react@19.2.4/node_modules/next/dist/client/components/react-dev-overlay/app/hot-reloader-client.js:196
[   33959ms] [LOG] [Fast Refresh] done in 104ms @ webpack-internal:///(app-pages-browser)/./node_modules/.pnpm/next@15.3.2_react-dom@19.2.4_react@19.2.4__react@19.2.4/node_modules/next/dist/client/components/react-dev-overlay/utils/report-hmr-latency.js:13
[   34455ms] [LOG] [Fast Refresh] rebuilding @ webpack-internal:///(app-pages-browser)/./node_modules/.pnpm/next@15.3.2_react-dom@19.2.4_react@19.2.4__react@19.2.4/node_modules/next/dist/client/components/react-dev-overlay/app/hot-reloader-client.js:196
[   34542ms] [LOG] [Fast Refresh] done in 87ms @ webpack-internal:///(app-pages-browser)/./node_modules/.pnpm/next@15.3.2_react-dom@19.2.4_react@19.2.4__react@19.2.4/node_modules/next/dist/client/components/react-dev-overlay/utils/report-hmr-latency.js:13
[   34824ms] [LOG] [Fast Refresh] rebuilding @ webpack-internal:///(app-pages-browser)/./node_modules/.pnpm/next@15.3.2_react-dom@19.2.4_react@19.2.4__react@19.2.4/node_modules/next/dist/client/components/react-dev-overlay/app/hot-reloader-client.js:196
[   34972ms] [LOG] [Fast Refresh] done in 148ms @ webpack-internal:///(app-pages-browser)/./node_modules/.pnpm/next@15.3.2_react-dom@19.2.4_react@19.2.4__react@19.2.4/node_modules/next/dist/client/components/react-dev-overlay/utils/report-hmr-latency.js:13
[   35655ms] [LOG] [Fast Refresh] rebuilding @ webpack-internal:///(app-pages-browser)/./node_modules/.pnpm/next@15.3.2_react-dom@19.2.4_react@19.2.4__react@19.2.4/node_modules/next/dist/client/components/react-dev-overlay/app/hot-reloader-client.js:196
[   35812ms] [LOG] [Fast Refresh] done in 156ms @ webpack-internal:///(app-pages-browser)/./node_modules/.pnpm/next@15.3.2_react-dom@19.2.4_react@19.2.4__react@19.2.4/node_modules/next/dist/client/components/react-dev-overlay/utils/report-hmr-latency.js:13
[   36108ms] [LOG] [Fast Refresh] rebuilding @ webpack-internal:///(app-pages-browser)/./node_modules/.pnpm/next@15.3.2_react-dom@19.2.4_react@19.2.4__react@19.2.4/node_modules/next/dist/client/components/react-dev-overlay/app/hot-reloader-client.js:196
[   36176ms] [LOG] [Fast Refresh] done in 68ms @ webpack-internal:///(app-pages-browser)/./node_modules/.pnpm/next@15.3.2_react-dom@19.2.4_react@19.2.4__react@19.2.4/node_modules/next/dist/client/components/react-dev-overlay/utils/report-hmr-latency.js:13
[   36459ms] [LOG] [Fast Refresh] rebuilding @ webpack-internal:///(app-pages-browser)/./node_modules/.pnpm/next@15.3.2_react-dom@19.2.4_react@19.2.4__react@19.2.4/node_modules/next/dist/client/components/react-dev-overlay/app/hot-reloader-client.js:196
[   36535ms] [LOG] [Fast Refresh] done in 76ms @ webpack-internal:///(app-pages-browser)/./node_modules/.pnpm/next@15.3.2_react-dom@19.2.4_react@19.2.4__react@19.2.4/node_modules/next/dist/client/components/react-dev-overlay/utils/report-hmr-latency.js:13
[   36763ms] [LOG] [Fast Refresh] rebuilding @ webpack-internal:///(app-pages-browser)/./node_modules/.pnpm/next@15.3.2_react-dom@19.2.4_react@19.2.4__react@19.2.4/node_modules/next/dist/client/components/react-dev-overlay/app/hot-reloader-client.js:196
[   36826ms] [LOG] [Fast Refresh] done in 63ms @ webpack-internal:///(app-pages-browser)/./node_modules/.pnpm/next@15.3.2_react-dom@19.2.4_react@19.2.4__react@19.2.4/node_modules/next/dist/client/components/react-dev-overlay/utils/report-hmr-latency.js:13
[   37173ms] [LOG] [Fast Refresh] rebuilding @ webpack-internal:///(app-pages-browser)/./node_modules/.pnpm/next@15.3.2_react-dom@19.2.4_react@19.2.4__react@19.2.4/node_modules/next/dist/client/components/react-dev-overlay/app/hot-reloader-client.js:196
[   37320ms] [LOG] [Fast Refresh] done in 146ms @ webpack-internal:///(app-pages-browser)/./node_modules/.pnpm/next@15.3.2_react-dom@19.2.4_react@19.2.4__react@19.2.4/node_modules/next/dist/client/components/react-dev-overlay/utils/report-hmr-latency.js:13
[   37567ms] [LOG] [Fast Refresh] rebuilding @ webpack-internal:///(app-pages-browser)/./node_modules/.pnpm/next@15.3.2_react-dom@19.2.4_react@19.2.4__react@19.2.4/node_modules/next/dist/client/components/react-dev-overlay/app/hot-reloader-client.js:196
